02:58:04 [main] INFO  com.didispace.Application - Starting Application on SC-201803121320 with PID 8268 (D:\Work\My\opensource\java\SpringBoot-Learning\Chapter3-1-6\target\classes started by Administrator in D:\Work\My\opensource\java\SpringBoot-Learning\Chapter3-1-6)
02:58:04 [main] INFO  com.didispace.Application - No active profile set, falling back to default profiles: default
02:58:04 [background-preinit] INFO  o.h.v.internal.util.Version - HV000001: Hibernate Validator 5.2.2.Final
02:58:04 [main] INFO  o.s.b.c.e.AnnotationConfigEmbeddedWebApplicationContext - Refreshing org.springframework.boot.context.embedded.AnnotationConfigEmbeddedWebApplicationContext@17c1bced: startup date [Tue Feb 12 10:58:04 CST 2019]; root of context hierarchy
02:58:05 [main] INFO  o.s.b.c.e.t.TomcatEmbeddedServletContainer - Tomcat initialized with port(s): 8080 (http)
02:58:05 [main] INFO  o.a.c.core.StandardService - Starting service Tomcat
02:58:05 [main] INFO  o.a.catalina.core.StandardEngine - Starting Servlet Engine: Apache Tomcat/8.0.30
02:58:05 [localhost-startStop-1] INFO  o.a.c.c.C.[.[localhost].[/] - Initializing Spring embedded WebApplicationContext
02:58:05 [localhost-startStop-1] INFO  o.s.web.context.ContextLoader - Root WebApplicationContext: initialization completed in 945 ms
02:58:05 [localhost-startStop-1] INFO  o.s.b.c.e.ServletRegistrationBean - Mapping servlet: 'dispatcherServlet' to [/]
02:58:05 [localhost-startStop-1] INFO  o.s.b.c.e.FilterRegistrationBean - Mapping filter: 'characterEncodingFilter' to: [/*]
02:58:05 [localhost-startStop-1] INFO  o.s.b.c.e.FilterRegistrationBean - Mapping filter: 'hiddenHttpMethodFilter' to: [/*]
02:58:05 [localhost-startStop-1] INFO  o.s.b.c.e.FilterRegistrationBean - Mapping filter: 'httpPutFormContentFilter' to: [/*]
02:58:05 [localhost-startStop-1] INFO  o.s.b.c.e.FilterRegistrationBean - Mapping filter: 'requestContextFilter' to: [/*]
02:58:05 [main] INFO  o.s.w.s.m.m.a.RequestMappingHandlerAdapter - Looking for @ControllerAdvice: org.springframework.boot.context.embedded.AnnotationConfigEmbeddedWebApplicationContext@17c1bced: startup date [Tue Feb 12 10:58:04 CST 2019]; root of context hierarchy
02:58:06 [main] INFO  o.s.w.s.m.m.a.RequestMappingHandlerMapping - Mapped "{[/]}" onto public java.lang.String com.didispace.web.HelloController.index(org.springframework.ui.ModelMap)
02:58:06 [main] INFO  o.s.w.s.m.m.a.RequestMappingHandlerMapping - Mapped "{[/json]}" onto public java.lang.String com.didispace.web.HelloController.json() throws com.didispace.exception.MyException
02:58:06 [main] INFO  o.s.w.s.m.m.a.RequestMappingHandlerMapping - Mapped "{[/hello]}" onto public java.lang.String com.didispace.web.HelloController.hello() throws java.lang.Exception
02:58:06 [main] INFO  o.s.w.s.m.m.a.RequestMappingHandlerMapping - Mapped "{[/error]}" onto public org.springframework.http.ResponseEntity<java.util.Map<java.lang.String, java.lang.Object>> org.springframework.boot.autoconfigure.web.BasicErrorController.error(javax.servlet.http.HttpServletRequest)
02:58:06 [main] INFO  o.s.w.s.m.m.a.RequestMappingHandlerMapping - Mapped "{[/error],produces=[text/html]}" onto public org.springframework.web.servlet.ModelAndView org.springframework.boot.autoconfigure.web.BasicErrorController.errorHtml(javax.servlet.http.HttpServletRequest,javax.servlet.http.HttpServletResponse)
02:58:06 [main] INFO  o.s.w.s.h.SimpleUrlHandlerMapping - Mapped URL path [/webjars/**] onto handler of type [class org.springframework.web.servlet.resource.ResourceHttpRequestHandler]
02:58:06 [main] INFO  o.s.w.s.h.SimpleUrlHandlerMapping - Mapped URL path [/**] onto handler of type [class org.springframework.web.servlet.resource.ResourceHttpRequestHandler]
02:58:06 [main] INFO  o.s.w.s.m.m.a.ExceptionHandlerExceptionResolver - Detected @ExceptionHandler methods in globalExceptionHandler
02:58:06 [main] INFO  o.s.w.s.h.SimpleUrlHandlerMapping - Mapped URL path [/**/favicon.ico] onto handler of type [class org.springframework.web.servlet.resource.ResourceHttpRequestHandler]
02:58:06 [main] INFO  o.s.j.e.a.AnnotationMBeanExporter - Registering beans for JMX exposure on startup
02:58:06 [main] INFO  o.a.c.http11.Http11NioProtocol - Initializing ProtocolHandler ["http-nio-8080"]
02:58:06 [main] INFO  o.a.c.http11.Http11NioProtocol - Starting ProtocolHandler ["http-nio-8080"]
02:58:06 [main] INFO  o.a.t.util.net.NioSelectorPool - Using a shared selector for servlet write/read
02:58:06 [main] INFO  o.s.b.c.e.t.TomcatEmbeddedServletContainer - Tomcat started on port(s): 8080 (http)
02:58:06 [main] INFO  com.didispace.Application - Started Application in 2.258 seconds (JVM running for 3.244)
